<?xml version="1.0" encoding="UTF-8"?>
<!-- Generated by org.testng.reporters.JUnitXMLReporter -->
<testsuite hostname="Balerion" ignored="0" name="Add Customer Test" tests="4" failures="0" timestamp="04 Jan 2019 07:32:52 GMT" time="16.608" errors="0">
  <testcase name="addCustomerTest" time="5.633" classname="com.rgk.testcases.AddCustomerTest"/>
  <testcase name="addCustomerTest" time="3.472" classname="com.rgk.testcases.AddCustomerTest"/>
  <testcase name="addCustomerTest" time="3.425" classname="com.rgk.testcases.AddCustomerTest"/>
  <testcase name="addCustomerTest" time="3.427" classname="com.rgk.testcases.AddCustomerTest"/>
</testsuite> <!-- Add Customer Test -->
