<?xml version="1.0" encoding="UTF-8"?>
<!-- Generated by org.testng.reporters.JUnitXMLReporter -->
<testsuite hostname="Balerion" ignored="0" name="Add Customer Test" tests="4" failures="0" timestamp="04 Jan 2019 13:45:56 GMT" time="15.407" errors="0">
  <testcase name="addCustomerTest" time="3.873" classname="com.rgk.testcases.AddCustomerTest"/>
  <testcase name="addCustomerTest" time="3.291" classname="com.rgk.testcases.AddCustomerTest"/>
  <testcase name="addCustomerTest" time="3.277" classname="com.rgk.testcases.AddCustomerTest"/>
  <testcase name="addCustomerTest" time="3.303" classname="com.rgk.testcases.AddCustomerTest"/>
</testsuite> <!-- Add Customer Test -->
