<?xml version="1.0" encoding="UTF-8"?>
<testng-results skipped="0" failed="0" ignored="0" total="6" passed="6">
  <reporter-output>
    <line>
      <![CDATA[Firefox launched !!]]>
    </line>
    <line>
      <![CDATA[Customer successfully added and alert text validated]]>
    </line>
    <line>
      <![CDATA[Customer successfully added and alert text validated]]>
    </line>
    <line>
      <![CDATA[Customer successfully added and alert text validated]]>
    </line>
    <line>
      <![CDATA[Customer successfully added and alert text validated]]>
    </line>
    <line>
      <![CDATA[Test suite execution completed]]>
    </line>
  </reporter-output>
  <suite name="Data Driven Basics" duration-ms="22622" started-at="2019-01-04T07:32:34Z" finished-at="2019-01-04T07:32:56Z">
    <groups>
    </groups>
    <test name="Bank Manager Login Test" duration-ms="1365" started-at="2019-01-04T07:32:34Z" finished-at="2019-01-04T07:32:35Z">
      <class name="com.rgk.testcases.BankManagerLoginTest">
        <test-method status="PASS" signature="bankManagerLoginTest()[pri:0, instance:com.rgk.testcases.BankManagerLoginTest@ba2f4ec]" name="bankManagerLoginTest" duration-ms="767" started-at="2019-01-04T07:32:34Z" finished-at="2019-01-04T07:32:34Z">
          <reporter-output>
          </reporter-output>
        </test-method> <!-- bankManagerLoginTest -->
      </class> <!-- com.rgk.testcases.BankManagerLoginTest -->
    </test> <!-- Bank Manager Login Test -->
    <test name="Add Customer Test" duration-ms="16608" started-at="2019-01-04T07:32:35Z" finished-at="2019-01-04T07:32:52Z">
      <class name="com.rgk.testcases.AddCustomerTest">
        <test-method status="PASS" signature="addCustomerTest(java.util.Hashtable)[pri:0, instance:com.rgk.testcases.AddCustomerTest@131ef10]" name="addCustomerTest" duration-ms="5633" started-at="2019-01-04T07:32:35Z" data-provider="dp" finished-at="2019-01-04T07:32:41Z">
          <params>
            <param index="0">
              <value>
                <![CDATA[{alerttext=Customer added successfully, postcode=8041.0, lastname=Kathe, runmode=Y, firstname=Rohit}]]>
              </value>
            </param>
          </params>
          <reporter-output>
            <line>
              <![CDATA[Customer successfully added and alert text validated]]>
            </line>
          </reporter-output>
        </test-method> <!-- addCustomerTest -->
        <test-method status="PASS" signature="addCustomerTest(java.util.Hashtable)[pri:0, instance:com.rgk.testcases.AddCustomerTest@131ef10]" name="addCustomerTest" duration-ms="3472" started-at="2019-01-04T07:32:41Z" data-provider="dp" finished-at="2019-01-04T07:32:44Z">
          <params>
            <param index="0">
              <value>
                <![CDATA[{alerttext=Customer added successfully, postcode=8041.0, lastname=More, runmode=Y, firstname=Prachi}]]>
              </value>
            </param>
          </params>
          <reporter-output>
            <line>
              <![CDATA[Customer successfully added and alert text validated]]>
            </line>
          </reporter-output>
        </test-method> <!-- addCustomerTest -->
        <test-method status="PASS" signature="addCustomerTest(java.util.Hashtable)[pri:0, instance:com.rgk.testcases.AddCustomerTest@131ef10]" name="addCustomerTest" duration-ms="3425" started-at="2019-01-04T07:32:44Z" data-provider="dp" finished-at="2019-01-04T07:32:48Z">
          <params>
            <param index="0">
              <value>
                <![CDATA[{alerttext=Customer added successfully, postcode=8041.0, lastname=Rai, runmode=y, firstname=Shashank}]]>
              </value>
            </param>
          </params>
          <reporter-output>
            <line>
              <![CDATA[Customer successfully added and alert text validated]]>
            </line>
          </reporter-output>
        </test-method> <!-- addCustomerTest -->
        <test-method status="PASS" signature="addCustomerTest(java.util.Hashtable)[pri:0, instance:com.rgk.testcases.AddCustomerTest@131ef10]" name="addCustomerTest" duration-ms="3427" started-at="2019-01-04T07:32:48Z" data-provider="dp" finished-at="2019-01-04T07:32:51Z">
          <params>
            <param index="0">
              <value>
                <![CDATA[{alerttext=Customer added successfully, postcode=8041.0, lastname=Jariwala, runmode=Y, firstname=Mustafa}]]>
              </value>
            </param>
          </params>
          <reporter-output>
            <line>
              <![CDATA[Customer successfully added and alert text validated]]>
            </line>
          </reporter-output>
        </test-method> <!-- addCustomerTest -->
      </class> <!-- com.rgk.testcases.AddCustomerTest -->
    </test> <!-- Add Customer Test -->
    <test name="Open Account Test" duration-ms="4596" started-at="2019-01-04T07:32:52Z" finished-at="2019-01-04T07:32:56Z">
      <class name="com.rgk.testcases.OpenAccountTest">
        <test-method status="PASS" signature="setUp()[pri:0, instance:com.rgk.testcases.OpenAccountTest@7c9d8e2]" name="setUp" is-config="true" duration-ms="56192" started-at="2019-01-04T07:31:37Z" finished-at="2019-01-04T07:32:34Z">
          <reporter-output>
            <line>
              <![CDATA[Firefox launched !!]]>
            </line>
          </reporter-output>
        </test-method> <!-- setUp -->
        <test-method status="PASS" signature="openAccountTest(java.util.Hashtable)[pri:0, instance:com.rgk.testcases.OpenAccountTest@7c9d8e2]" name="openAccountTest" duration-ms="4408" started-at="2019-01-04T07:32:52Z" data-provider="dp" finished-at="2019-01-04T07:32:56Z">
          <params>
            <param index="0">
              <value>
                <![CDATA[{currency=Dollar, runmode=Y, customer=Rohit Kathe}]]>
              </value>
            </param>
          </params>
          <reporter-output>
          </reporter-output>
        </test-method> <!-- openAccountTest -->
        <test-method status="PASS" signature="tearDown()[pri:0, instance:com.rgk.testcases.OpenAccountTest@7c9d8e2]" name="tearDown" is-config="true" duration-ms="3323" started-at="2019-01-04T07:32:56Z" finished-at="2019-01-04T07:33:00Z">
          <reporter-output>
            <line>
              <![CDATA[Test suite execution completed]]>
            </line>
          </reporter-output>
        </test-method> <!-- tearDown -->
      </class> <!-- com.rgk.testcases.OpenAccountTest -->
    </test> <!-- Open Account Test -->
  </suite> <!-- Data Driven Basics -->
</testng-results>
