<?xml version="1.0" encoding="UTF-8"?>
<testsuite name="TestSuite" time="10.362" tests="6" errors="0" skipped="0" failures="0">
  <properties>
[...]
</properties>
  <testcase name="bankManagerLoginTest" classname="com.rgk.testcases.BankManagerLoginTest" time="1.614"/>
  <testcase name="addCustomerTest" classname="com.rgk.testcases.AddCustomerTest" time="4.261"/>
  <testcase name="addCustomerTest" classname="com.rgk.testcases.AddCustomerTest" time="3.709"/>
  <testcase name="addCustomerTest" classname="com.rgk.testcases.AddCustomerTest" time="3.677"/>
  <testcase name="addCustomerTest" classname="com.rgk.testcases.AddCustomerTest" time="3.735"/>
  <testcase name="openAccountTest" classname="com.rgk.testcases.OpenAccountTest" time="4.487"/>
</testsuite>