<?xml version="1.0" encoding="UTF-8"?>
<testsuite name="TestSuite" time="11.713" tests="6" errors="0" skipped="0" failures="0">
  <properties>
[...]
</properties>
  <testcase name="bankManagerLoginTest" classname="com.rgk.testcases.BankManagerLoginTest" time="1.327"/>
  <testcase name="addCustomerTest" classname="com.rgk.testcases.AddCustomerTest" time="5.793"/>
  <testcase name="addCustomerTest" classname="com.rgk.testcases.AddCustomerTest" time="3.619"/>
  <testcase name="addCustomerTest" classname="com.rgk.testcases.AddCustomerTest" time="3.587"/>
  <testcase name="addCustomerTest" classname="com.rgk.testcases.AddCustomerTest" time="3.584"/>
  <testcase name="openAccountTest" classname="com.rgk.testcases.OpenAccountTest" time="4.593"/>
</testsuite>