<?xml version="1.0" encoding="UTF-8"?>
<!-- Generated by org.testng.reporters.JUnitXMLReporter -->
<testsuite hostname="Balerion" ignored="0" name="Bank Manager Login Test" tests="2" failures="1" timestamp="27 Dec 2018 21:26:47 GMT" time="0.041" errors="0">
  <testcase name="bankManagerLoginTest" time="0.0" classname="com.rgk.testcases.BankManagerLoginTest">
    <skipped/>
  </testcase> <!-- bankManagerLoginTest -->
  <testcase name="bankManagerLoginTest" time="0.021" classname="com.rgk.testcases.BankManagerLoginTest">
    <failure type="java.lang.NullPointerException">
      <![CDATA[java.lang.NullPointerException
at com.rgk.listeners.CustomListeners.onTestSkipped(CustomListeners.java:88)
... Removed 23 stack frames]]>
    </failure>
  </testcase> <!-- bankManagerLoginTest -->
</testsuite> <!-- Bank Manager Login Test -->
