<?xml version="1.0" encoding="UTF-8"?>
<!-- Generated by org.testng.reporters.JUnitXMLReporter -->
<testsuite hostname="Balerion" ignored="0" name="LoginTest" tests="1" failures="1" timestamp="19 Dec 2018 09:51:36 GMT" time="10.481" errors="0">
  <testcase name="loginAsBankManager" time="10.41" classname="com.rgk.testcases.LoginTest">
    <failure type="java.lang.AssertionError" message="Login not successful expected [true] but found [false]">
      <![CDATA[java.lang.AssertionError: Login not successful expected [true] but found [false]
at com.rgk.testcases.LoginTest.loginAsBankManager(LoginTest.java:15)
... Removed 28 stack frames]]>
    </failure>
  </testcase> <!-- loginAsBankManager -->
</testsuite> <!-- LoginTest -->
