<?xml version="1.0" encoding="UTF-8"?>
<testsuite name="Add Customer Test"
           tests="4"
           failures="0"
           errors="0"
           skipped="0"
           time="13.744">
  <properties />
  
  
            <testcase name="addCustomerTest" time="3.291" classname="com.rgk.testcases.AddCustomerTest" />
                <testcase name="addCustomerTest" time="3.873" classname="com.rgk.testcases.AddCustomerTest" />
                <testcase name="addCustomerTest" time="3.303" classname="com.rgk.testcases.AddCustomerTest" />
                <testcase name="addCustomerTest" time="3.277" classname="com.rgk.testcases.AddCustomerTest" />
      
</testsuite>
